<?xml version="1.0" encoding="UTF-8"?>
<!-- Generated by org.testng.reporters.JUnitReportReporter -->
<testsuite skipped="0" hostname="Yusufs-MBP.home" name="com.class3.Groups" tests="2" failures="0" timestamp="2020-01-15T13:38:26 CST" time="7.212" errors="0">
  <testcase name="titleValidation" time="2.185" classname="com.class3.Groups"/>
  <testcase name="validLogin" time="5.027" classname="com.class3.Groups"/>
</testsuite> <!-- com.class3.Groups -->
