<?xml version="1.0" encoding="UTF-8"?>
<!-- Generated by org.testng.reporters.JUnitReportReporter -->
<testsuite skipped="0" hostname="Yusufs-MBP.home" name="com.review1.AnnotationDemo" tests="1" failures="0" timestamp="2020-01-15T20:44:56 CST" time="0.001" errors="0">
  <testcase name="testTwo" time="0.001" classname="com.review1.AnnotationDemo"/>
</testsuite> <!-- com.review1.AnnotationDemo -->
