<?xml version="1.0" encoding="UTF-8"?>
<!-- Generated by org.testng.reporters.JUnitReportReporter -->
<testsuite skipped="0" hostname="Yusufs-MBP.home" name="com.class1.Task2" tests="2" failures="0" timestamp="2020-01-13T14:11:12 CST" time="0.007" errors="0">
  <testcase name="testB" time="0.003" classname="com.class1.Task2"/>
  <testcase name="testA" time="0.004" classname="com.class1.Task2"/>
</testsuite> <!-- com.class1.Task2 -->
