<?xml version="1.0" encoding="UTF-8"?>
<!-- Generated by org.testng.reporters.JUnitReportReporter -->
<testsuite skipped="0" hostname="Yusufs-MacBook-Pro.local" name="com.class1.HW" tests="2" failures="0" timestamp="2020-01-12T11:16:16 CST" time="6.780" errors="0">
  <testcase name="appLoginAndVerifyLogo" time="4.046" classname="com.class1.HW"/>
  <testcase name="emptyPassword" time="2.734" classname="com.class1.HW"/>
</testsuite> <!-- com.class1.HW -->
