<?xml version="1.0" encoding="UTF-8"?>
<!-- Generated by org.testng.reporters.JUnitReportReporter -->
<testsuite skipped="0" hostname="Yusufs-MBP.home" name="com.class1.TitleLogoANdLoginVerification" tests="3" failures="0" timestamp="2020-01-13T13:03:39 CST" time="8.511" errors="0">
  <testcase name="titleValidation" time="1.731" classname="com.class1.TitleLogoANdLoginVerification"/>
  <testcase name="logoVlidation" time="2.885" classname="com.class1.TitleLogoANdLoginVerification"/>
  <testcase name="validLogin" time="3.895" classname="com.class1.TitleLogoANdLoginVerification"/>
</testsuite> <!-- com.class1.TitleLogoANdLoginVerification -->
