<?xml version="1.0" encoding="UTF-8"?>
<!-- Generated by org.testng.reporters.JUnitReportReporter -->
<testsuite skipped="0" hostname="Yusufs-MBP.home" name="demo.credit" tests="1" failures="0" timestamp="2020-01-14T14:11:36 CST" time="0.001" errors="0">
  <testcase name="personalCredit" time="0.001" classname="demo.credit"/>
</testsuite> <!-- demo.credit -->
