<?xml version="1.0" encoding="UTF-8"?>
<!-- Generated by org.testng.reporters.JUnitReportReporter -->
<testsuite skipped="0" hostname="Yusufs-MBP.home" name="com.class3.AlwaysRun" tests="1" failures="0" timestamp="2020-01-15T13:26:57 CST" time="0.006" errors="0">
  <testcase name="testMEthod1" time="0.006" classname="com.class3.AlwaysRun"/>
</testsuite> <!-- com.class3.AlwaysRun -->
