<?xml version="1.0" encoding="UTF-8"?>
<!-- Generated by org.testng.reporters.JUnitReportReporter -->
<testsuite skipped="0" hostname="Yusufs-MBP.home" name="demo.loan" tests="1" failures="0" timestamp="2020-01-14T14:11:36 CST" time="0.009" errors="0">
  <testcase name="carLoan" time="0.009" classname="demo.loan"/>
</testsuite> <!-- demo.loan -->
