<?xml version="1.0" encoding="UTF-8"?>
<!-- Generated by org.testng.reporters.JUnitReportReporter -->
<testsuite skipped="0" hostname="Yusufs-MacBook-Pro.local" name="com.class2.AddEmployee" tests="1" failures="0" timestamp="2020-01-12T13:28:58 CST" time="12.530" errors="0">
  <testcase name="addEmployee" time="12.530" classname="com.class2.AddEmployee"/>
</testsuite> <!-- com.class2.AddEmployee -->
