<?xml version="1.0" encoding="UTF-8"?>
<!-- Generated by org.testng.reporters.JUnitReportReporter -->
<testsuite skipped="0" hostname="Yusufs-MBP.home" name="com.class1.TestNgDemo" tests="3" failures="0" timestamp="2020-01-12T00:42:44 CST" time="0.011" errors="0">
  <testcase name="testTwo" time="0.001" classname="com.class1.TestNgDemo"/>
  <testcase name="testThree" time="0.001" classname="com.class1.TestNgDemo"/>
  <testcase name="testOne" time="0.009" classname="com.class1.TestNgDemo"/>
</testsuite> <!-- com.class1.TestNgDemo -->
