<?xml version="1.0" encoding="UTF-8"?>
<!-- Generated by org.testng.reporters.JUnitReportReporter -->
<testsuite skipped="0" hostname="Yusufs-MBP.home" name="com.review1.Parametirazition" tests="3" failures="0" timestamp="2020-01-15T21:12:04 CST" time="0.009" errors="0">
  <testcase name="login" time="0.001" classname="com.review1.Parametirazition"/>
  <testcase name="login" time="0.007" classname="com.review1.Parametirazition"/>
  <testcase name="login" time="0.001" classname="com.review1.Parametirazition"/>
</testsuite> <!-- com.review1.Parametirazition -->
